<?xml version="1.0" encoding="UTF-8"?>
<testng-results skipped="0" failed="2" ignored="0" total="10" passed="8">
  <reporter-output>
    <line>
      <![CDATA[Test starts Running in Google chrome browser.]]>
    </line>
    <line>
      <![CDATA[Driver closed]]>
    </line>
    <line>
      <![CDATA[Test starts Running in Google chrome browser.]]>
    </line>
    <line>
      <![CDATA[Driver closed]]>
    </line>
    <line>
      <![CDATA[Test starts Running In Firefox browser.]]>
    </line>
    <line>
      <![CDATA[Driver closed]]>
    </line>
    <line>
      <![CDATA[Test starts Running In Firefox browser.]]>
    </line>
    <line>
      <![CDATA[Driver closed]]>
    </line>
  </reporter-output>
  <suite name="Login Test suite" duration-ms="72897" started-at="2021-12-04T13:49:35 GMT" finished-at="2021-12-04T13:50:48 GMT">
    <groups>
    </groups>
    <test name="Hudl login running on chrome browser" duration-ms="32929" started-at="2021-12-04T13:49:35 GMT" finished-at="2021-12-04T13:50:08 GMT">
      <class name="com.hudl.login.PaswordResetTest">
        <test-method status="PASS" signature="setUp(java.lang.String, java.lang.String)[pri:0, instance:com.hudl.login.PaswordResetTest@69ea3742]" name="setUp" is-config="true" duration-ms="4455" started-at="2021-12-04T13:49:58 GMT" finished-at="2021-12-04T13:50:03 GMT">
          <params>
            <param index="0">
              <value>
                <![CDATA[chrome]]>
              </value>
            </param>
            <param index="1">
              <value>
                <![CDATA[https://www.hudl.com/login]]>
              </value>
            </param>
          </params>
          <reporter-output>
            <line>
              <![CDATA[Test starts Running in Google chrome browser.]]>
            </line>
          </reporter-output>
        </test-method> <!-- setUp -->
        <test-method status="PASS" signature="doPasswordResetWithInvalidEmail()[pri:0, instance:com.hudl.login.PaswordResetTest@69ea3742]" name="doPasswordResetWithInvalidEmail" duration-ms="5296" started-at="2021-12-04T13:50:03 GMT" finished-at="2021-12-04T13:50:08 GMT">
          <reporter-output>
          </reporter-output>
        </test-method> <!-- doPasswordResetWithInvalidEmail -->
        <test-method status="PASS" signature="quitDrver()[pri:0, instance:com.hudl.login.PaswordResetTest@69ea3742]" name="quitDrver" is-config="true" duration-ms="174" started-at="2021-12-04T13:50:08 GMT" finished-at="2021-12-04T13:50:08 GMT">
          <reporter-output>
            <line>
              <![CDATA[Driver closed]]>
            </line>
          </reporter-output>
        </test-method> <!-- quitDrver -->
      </class> <!-- com.hudl.login.PaswordResetTest -->
      <class name="com.hudl.login.LoginTest">
        <test-method status="PASS" signature="setUp(java.lang.String, java.lang.String)[pri:0, instance:com.hudl.login.LoginTest@5702b3b1]" name="setUp" is-config="true" duration-ms="5530" started-at="2021-12-04T13:49:35 GMT" finished-at="2021-12-04T13:49:41 GMT">
          <params>
            <param index="0">
              <value>
                <![CDATA[chrome]]>
              </value>
            </param>
            <param index="1">
              <value>
                <![CDATA[https://www.hudl.com/login]]>
              </value>
            </param>
          </params>
          <reporter-output>
            <line>
              <![CDATA[Test starts Running in Google chrome browser.]]>
            </line>
          </reporter-output>
        </test-method> <!-- setUp -->
        <test-method status="PASS" signature="loginWithEmailAndPasswordFieldBlank()[pri:0, instance:com.hudl.login.LoginTest@5702b3b1]" name="loginWithEmailAndPasswordFieldBlank" duration-ms="4288" started-at="2021-12-04T13:49:41 GMT" finished-at="2021-12-04T13:49:45 GMT">
          <reporter-output>
          </reporter-output>
        </test-method> <!-- loginWithEmailAndPasswordFieldBlank -->
        <test-method status="PASS" signature="loginWithInValidEmail(java.lang.String)[pri:0, instance:com.hudl.login.LoginTest@5702b3b1]" name="loginWithInValidEmail" duration-ms="4299" started-at="2021-12-04T13:49:45 GMT" finished-at="2021-12-04T13:49:49 GMT">
          <params>
            <param index="0">
              <value>
                <![CDATA[Brexit12345]]]>
              </value>
            </param>
          </params>
          <reporter-output>
          </reporter-output>
        </test-method> <!-- loginWithInValidEmail -->
        <test-method status="PASS" signature="loginWithInValidPassword(java.lang.String)[pri:0, instance:com.hudl.login.LoginTest@5702b3b1]" name="loginWithInValidPassword" duration-ms="4312" started-at="2021-12-04T13:49:49 GMT" finished-at="2021-12-04T13:49:54 GMT">
          <params>
            <param index="0">
              <value>
                <![CDATA[bidonije@googlemail.com]]>
              </value>
            </param>
          </params>
          <reporter-output>
          </reporter-output>
        </test-method> <!-- loginWithInValidPassword -->
        <test-method status="FAIL" signature="loginWithValidCredentials(java.lang.String, java.lang.String)[pri:0, instance:com.hudl.login.LoginTest@5702b3b1]" name="loginWithValidCredentials" duration-ms="4319" started-at="2021-12-04T13:49:54 GMT" finished-at="2021-12-04T13:49:58 GMT">
          <params>
            <param index="0">
              <value>
                <![CDATA[bidonije@googlemail.com]]>
              </value>
            </param>
            <param index="1">
              <value>
                <![CDATA[Brexit12345]]]>
              </value>
            </param>
          </params>
          <exception class="org.openqa.selenium.NoSuchElementException">
            <message>
              <![CDATA[no such element: Unable to locate element: {"method":"css selector","selector":"div.hui-globaluseritem > div.hui-globaluseritem__display-name > span"}
  (Session info: chrome=96.0.4664.55)
For documentation on this error, please visit: https://selenium.dev/exceptions/#no_such_element
Build info: version: '4.0.0', revision: '3a21814679'
System info: host: 'C02XD5ANJG5J', ip: '192.168.0.39', os.name: 'Mac OS X', os.arch: 'x86_64', os.version: '10.16', java.version: '1.8.0_191'
Driver info: org.openqa.selenium.chrome.ChromeDriver
Command: [59a40722bf32695efc12458840d6b0ed, findElement {using=css selector, value=div.hui-globaluseritem > div.hui-globaluseritem__display-name > span}]
Capabilities {acceptInsecureCerts: false, browserName: chrome, browserVersion: 96.0.4664.55, chrome: {chromedriverVersion: 96.0.4664.45 (76e4c1bb2ab46..., userDataDir: /var/folders/4s/9sq7v_0n75l...}, goog:chromeOptions: {debuggerAddress: localhost:58392}, javascriptEnabled: true, networkConnectionEnabled: false, pageLoadStrategy: normal, platform: MAC, platformName: MAC, proxy: Proxy(), se:cdp: ws://localhost:58392/devtoo..., se:cdpVersion: 96.0.4664.55, setWindowRect: true, strictFileInteractability: false, timeouts: {implicit: 0, pageLoad: 300000, script: 30000}, unhandledPromptBehavior: dismiss and notify, webauthn:extension:credBlob: true, webauthn:extension:largeBlob: true, webauthn:virtualAuthenticators: true}
Session ID: 59a40722bf32695efc12458840d6b0ed]]>
            </message>
            <full-stacktrace>
              <![CDATA[org.openqa.selenium.NoSuchElementException: no such element: Unable to locate element: {"method":"css selector","selector":"div.hui-globaluseritem > div.hui-globaluseritem__display-name > span"}
  (Session info: chrome=96.0.4664.55)
For documentation on this error, please visit: https://selenium.dev/exceptions/#no_such_element
Build info: version: '4.0.0', revision: '3a21814679'
System info: host: 'C02XD5ANJG5J', ip: '192.168.0.39', os.name: 'Mac OS X', os.arch: 'x86_64', os.version: '10.16', java.version: '1.8.0_191'
Driver info: org.openqa.selenium.chrome.ChromeDriver
Command: [59a40722bf32695efc12458840d6b0ed, findElement {using=css selector, value=div.hui-globaluseritem > div.hui-globaluseritem__display-name > span}]
Capabilities {acceptInsecureCerts: false, browserName: chrome, browserVersion: 96.0.4664.55, chrome: {chromedriverVersion: 96.0.4664.45 (76e4c1bb2ab46..., userDataDir: /var/folders/4s/9sq7v_0n75l...}, goog:chromeOptions: {debuggerAddress: localhost:58392}, javascriptEnabled: true, networkConnectionEnabled: false, pageLoadStrategy: normal, platform: MAC, platformName: MAC, proxy: Proxy(), se:cdp: ws://localhost:58392/devtoo..., se:cdpVersion: 96.0.4664.55, setWindowRect: true, strictFileInteractability: false, timeouts: {implicit: 0, pageLoad: 300000, script: 30000}, unhandledPromptBehavior: dismiss and notify, webauthn:extension:credBlob: true, webauthn:extension:largeBlob: true, webauthn:virtualAuthenticators: true}
Session ID: 59a40722bf32695efc12458840d6b0ed
at sun.reflect.NativeConstructorAccessorImpl.newInstance0(Native Method)
at sun.reflect.NativeConstructorAccessorImpl.newInstance(NativeConstructorAccessorImpl.java:62)
at sun.reflect.DelegatingConstructorAccessorImpl.newInstance(DelegatingConstructorAccessorImpl.java:45)
at java.lang.reflect.Constructor.newInstance(Constructor.java:423)
at org.openqa.selenium.remote.codec.w3c.W3CHttpResponseCodec.createException(W3CHttpResponseCodec.java:200)
at org.openqa.selenium.remote.codec.w3c.W3CHttpResponseCodec.decode(W3CHttpResponseCodec.java:133)
at org.openqa.selenium.remote.codec.w3c.W3CHttpResponseCodec.decode(W3CHttpResponseCodec.java:53)
at org.openqa.selenium.remote.HttpCommandExecutor.execute(HttpCommandExecutor.java:184)
at org.openqa.selenium.remote.service.DriverCommandExecutor.invokeExecute(DriverCommandExecutor.java:164)
at org.openqa.selenium.remote.service.DriverCommandExecutor.execute(DriverCommandExecutor.java:139)
at org.openqa.selenium.remote.RemoteWebDriver.execute(RemoteWebDriver.java:559)
at org.openqa.selenium.remote.ElementLocation$ElementFinder$2.findElement(ElementLocation.java:162)
at org.openqa.selenium.remote.ElementLocation.findElement(ElementLocation.java:60)
at org.openqa.selenium.remote.RemoteWebDriver.findElement(RemoteWebDriver.java:383)
at org.openqa.selenium.remote.RemoteWebDriver.findElement(RemoteWebDriver.java:375)
at org.openqa.selenium.support.pagefactory.DefaultElementLocator.findElement(DefaultElementLocator.java:70)
at org.openqa.selenium.support.pagefactory.internal.LocatingElementHandler.invoke(LocatingElementHandler.java:39)
at com.sun.proxy.$Proxy13.getText(Unknown Source)
at com.hudl.login.LoginPage.getCoachHeaderText(LoginPage.java:72)
at com.hudl.login.LoginSteps.assertCoachHeaderText(LoginSteps.java:31)
at com.hudl.login.LoginTest.loginWithValidCredentials(LoginTest.java:29)
at sun.reflect.NativeMethodAccessorImpl.invoke0(Native Method)
at sun.reflect.NativeMethodAccessorImpl.invoke(NativeMethodAccessorImpl.java:62)
at sun.reflect.DelegatingMethodAccessorImpl.invoke(DelegatingMethodAccessorImpl.java:43)
at java.lang.reflect.Method.invoke(Method.java:498)
at org.testng.internal.MethodInvocationHelper.invokeMethod(MethodInvocationHelper.java:132)
at org.testng.internal.TestInvoker.invokeMethod(TestInvoker.java:599)
at org.testng.internal.TestInvoker.invokeTestMethod(TestInvoker.java:174)
at org.testng.internal.MethodRunner.runInSequence(MethodRunner.java:46)
at org.testng.internal.TestInvoker$MethodInvocationAgent.invoke(TestInvoker.java:822)
at org.testng.internal.TestInvoker.invokeTestMethods(TestInvoker.java:147)
at org.testng.internal.TestMethodWorker.invokeTestMethods(TestMethodWorker.java:146)
at org.testng.internal.TestMethodWorker.run(TestMethodWorker.java:128)
at java.util.ArrayList.forEach(ArrayList.java:1257)
at org.testng.TestRunner.privateRun(TestRunner.java:764)
at org.testng.TestRunner.run(TestRunner.java:585)
at org.testng.SuiteRunner.runTest(SuiteRunner.java:384)
at org.testng.SuiteRunner.runSequentially(SuiteRunner.java:378)
at org.testng.SuiteRunner.privateRun(SuiteRunner.java:337)
at org.testng.SuiteRunner.run(SuiteRunner.java:286)
at org.testng.SuiteRunnerWorker.runSuite(SuiteRunnerWorker.java:53)
at org.testng.SuiteRunnerWorker.run(SuiteRunnerWorker.java:96)
at org.testng.TestNG.runSuitesSequentially(TestNG.java:1218)
at org.testng.TestNG.runSuitesLocally(TestNG.java:1140)
at org.testng.TestNG.runSuites(TestNG.java:1069)
at org.testng.TestNG.run(TestNG.java:1037)
at org.apache.maven.surefire.testng.TestNGExecutor.run(TestNGExecutor.java:283)
at org.apache.maven.surefire.testng.TestNGXmlTestSuite.execute(TestNGXmlTestSuite.java:75)
at org.apache.maven.surefire.testng.TestNGProvider.invoke(TestNGProvider.java:120)
at org.apache.maven.surefire.booter.ForkedBooter.invokeProviderInSameClassLoader(ForkedBooter.java:384)
at org.apache.maven.surefire.booter.ForkedBooter.runSuitesInProcess(ForkedBooter.java:345)
at org.apache.maven.surefire.booter.ForkedBooter.execute(ForkedBooter.java:126)
at org.apache.maven.surefire.booter.ForkedBooter.main(ForkedBooter.java:418)
]]>
            </full-stacktrace>
          </exception> <!-- org.openqa.selenium.NoSuchElementException -->
          <reporter-output>
          </reporter-output>
        </test-method> <!-- loginWithValidCredentials -->
        <test-method status="PASS" signature="quitDrver()[pri:0, instance:com.hudl.login.LoginTest@5702b3b1]" name="quitDrver" is-config="true" duration-ms="225" started-at="2021-12-04T13:49:58 GMT" finished-at="2021-12-04T13:49:58 GMT">
          <reporter-output>
            <line>
              <![CDATA[Driver closed]]>
            </line>
          </reporter-output>
        </test-method> <!-- quitDrver -->
      </class> <!-- com.hudl.login.LoginTest -->
    </test> <!-- Hudl login running on chrome browser -->
    <test name="Hudl login running on firefox browser" duration-ms="39943" started-at="2021-12-04T13:50:08 GMT" finished-at="2021-12-04T13:50:48 GMT">
      <class name="com.hudl.login.PaswordResetTest">
        <test-method status="PASS" signature="setUp(java.lang.String, java.lang.String)[pri:0, instance:com.hudl.login.PaswordResetTest@6fc6f14e]" name="setUp" is-config="true" duration-ms="7457" started-at="2021-12-04T13:50:34 GMT" finished-at="2021-12-04T13:50:42 GMT">
          <params>
            <param index="0">
              <value>
                <![CDATA[firefox]]>
              </value>
            </param>
            <param index="1">
              <value>
                <![CDATA[https://www.hudl.com/login]]>
              </value>
            </param>
          </params>
          <reporter-output>
            <line>
              <![CDATA[Test starts Running In Firefox browser.]]>
            </line>
          </reporter-output>
        </test-method> <!-- setUp -->
        <test-method status="PASS" signature="doPasswordResetWithInvalidEmail()[pri:0, instance:com.hudl.login.PaswordResetTest@6fc6f14e]" name="doPasswordResetWithInvalidEmail" duration-ms="5742" started-at="2021-12-04T13:50:42 GMT" finished-at="2021-12-04T13:50:47 GMT">
          <reporter-output>
          </reporter-output>
        </test-method> <!-- doPasswordResetWithInvalidEmail -->
        <test-method status="PASS" signature="quitDrver()[pri:0, instance:com.hudl.login.PaswordResetTest@6fc6f14e]" name="quitDrver" is-config="true" duration-ms="664" started-at="2021-12-04T13:50:47 GMT" finished-at="2021-12-04T13:50:48 GMT">
          <reporter-output>
            <line>
              <![CDATA[Driver closed]]>
            </line>
          </reporter-output>
        </test-method> <!-- quitDrver -->
      </class> <!-- com.hudl.login.PaswordResetTest -->
      <class name="com.hudl.login.LoginTest">
        <test-method status="PASS" signature="setUp(java.lang.String, java.lang.String)[pri:0, instance:com.hudl.login.LoginTest@20398b7c]" name="setUp" is-config="true" duration-ms="8145" started-at="2021-12-04T13:50:08 GMT" finished-at="2021-12-04T13:50:16 GMT">
          <params>
            <param index="0">
              <value>
                <![CDATA[firefox]]>
              </value>
            </param>
            <param index="1">
              <value>
                <![CDATA[https://www.hudl.com/login]]>
              </value>
            </param>
          </params>
          <reporter-output>
            <line>
              <![CDATA[Test starts Running In Firefox browser.]]>
            </line>
          </reporter-output>
        </test-method> <!-- setUp -->
        <test-method status="PASS" signature="loginWithEmailAndPasswordFieldBlank()[pri:0, instance:com.hudl.login.LoginTest@20398b7c]" name="loginWithEmailAndPasswordFieldBlank" duration-ms="4365" started-at="2021-12-04T13:50:16 GMT" finished-at="2021-12-04T13:50:21 GMT">
          <reporter-output>
          </reporter-output>
        </test-method> <!-- loginWithEmailAndPasswordFieldBlank -->
        <test-method status="PASS" signature="loginWithInValidEmail(java.lang.String)[pri:0, instance:com.hudl.login.LoginTest@20398b7c]" name="loginWithInValidEmail" duration-ms="4334" started-at="2021-12-04T13:50:21 GMT" finished-at="2021-12-04T13:50:25 GMT">
          <params>
            <param index="0">
              <value>
                <![CDATA[Hudl.com12345]]]>
              </value>
            </param>
          </params>
          <reporter-output>
          </reporter-output>
        </test-method> <!-- loginWithInValidEmail -->
        <test-method status="PASS" signature="loginWithInValidPassword(java.lang.String)[pri:0, instance:com.hudl.login.LoginTest@20398b7c]" name="loginWithInValidPassword" duration-ms="4343" started-at="2021-12-04T13:50:25 GMT" finished-at="2021-12-04T13:50:29 GMT">
          <params>
            <param index="0">
              <value>
                <![CDATA[bidonije@googlemail.com]]>
              </value>
            </param>
          </params>
          <reporter-output>
          </reporter-output>
        </test-method> <!-- loginWithInValidPassword -->
        <test-method status="FAIL" signature="loginWithValidCredentials(java.lang.String, java.lang.String)[pri:0, instance:com.hudl.login.LoginTest@20398b7c]" name="loginWithValidCredentials" duration-ms="4333" started-at="2021-12-04T13:50:29 GMT" finished-at="2021-12-04T13:50:34 GMT">
          <params>
            <param index="0">
              <value>
                <![CDATA[bidonije@googlemail.com]]>
              </value>
            </param>
            <param index="1">
              <value>
                <![CDATA[Hudl.com12345]]]>
              </value>
            </param>
          </params>
          <exception class="org.openqa.selenium.NoSuchElementException">
            <message>
              <![CDATA[Unable to locate element: div.hui-globaluseritem > div.hui-globaluseritem__display-name > span
For documentation on this error, please visit: https://selenium.dev/exceptions/#no_such_element
Build info: version: '4.0.0', revision: '3a21814679'
System info: host: 'C02XD5ANJG5J', ip: '192.168.0.39', os.name: 'Mac OS X', os.arch: 'x86_64', os.version: '10.16', java.version: '1.8.0_191'
Driver info: org.openqa.selenium.firefox.FirefoxDriver
Command: [bf143e08-601a-124f-be3c-0ea9c8104134, findElement {using=css selector, value=div.hui-globaluseritem > div.hui-globaluseritem__display-name > span}]
Capabilities {acceptInsecureCerts: true, browserName: firefox, browserVersion: 94.0.2, javascriptEnabled: true, moz:accessibilityChecks: false, moz:buildID: 20211119140621, moz:debuggerAddress: localhost:65024, moz:geckodriverVersion: 0.30.0, moz:headless: false, moz:processID: 29518, moz:profile: /var/folders/4s/9sq7v_0n75l..., moz:shutdownTimeout: 60000, moz:useNonSpecCompliantPointerOrigin: false, moz:webdriverClick: true, pageLoadStrategy: normal, platform: MAC, platformName: MAC, platformVersion: 20.6.0, proxy: Proxy(), se:cdp: ws://localhost:65024/devtoo..., se:cdpVersion: 85, setWindowRect: true, strictFileInteractability: false, timeouts: {implicit: 0, pageLoad: 300000, script: 30000}, unhandledPromptBehavior: dismiss and notify}
Session ID: bf143e08-601a-124f-be3c-0ea9c8104134]]>
            </message>
            <full-stacktrace>
              <![CDATA[org.openqa.selenium.NoSuchElementException: Unable to locate element: div.hui-globaluseritem > div.hui-globaluseritem__display-name > span
For documentation on this error, please visit: https://selenium.dev/exceptions/#no_such_element
Build info: version: '4.0.0', revision: '3a21814679'
System info: host: 'C02XD5ANJG5J', ip: '192.168.0.39', os.name: 'Mac OS X', os.arch: 'x86_64', os.version: '10.16', java.version: '1.8.0_191'
Driver info: org.openqa.selenium.firefox.FirefoxDriver
Command: [bf143e08-601a-124f-be3c-0ea9c8104134, findElement {using=css selector, value=div.hui-globaluseritem > div.hui-globaluseritem__display-name > span}]
Capabilities {acceptInsecureCerts: true, browserName: firefox, browserVersion: 94.0.2, javascriptEnabled: true, moz:accessibilityChecks: false, moz:buildID: 20211119140621, moz:debuggerAddress: localhost:65024, moz:geckodriverVersion: 0.30.0, moz:headless: false, moz:processID: 29518, moz:profile: /var/folders/4s/9sq7v_0n75l..., moz:shutdownTimeout: 60000, moz:useNonSpecCompliantPointerOrigin: false, moz:webdriverClick: true, pageLoadStrategy: normal, platform: MAC, platformName: MAC, platformVersion: 20.6.0, proxy: Proxy(), se:cdp: ws://localhost:65024/devtoo..., se:cdpVersion: 85, setWindowRect: true, strictFileInteractability: false, timeouts: {implicit: 0, pageLoad: 300000, script: 30000}, unhandledPromptBehavior: dismiss and notify}
Session ID: bf143e08-601a-124f-be3c-0ea9c8104134
at sun.reflect.NativeConstructorAccessorImpl.newInstance0(Native Method)
at sun.reflect.NativeConstructorAccessorImpl.newInstance(NativeConstructorAccessorImpl.java:62)
at sun.reflect.DelegatingConstructorAccessorImpl.newInstance(DelegatingConstructorAccessorImpl.java:45)
at java.lang.reflect.Constructor.newInstance(Constructor.java:423)
at org.openqa.selenium.remote.codec.w3c.W3CHttpResponseCodec.createException(W3CHttpResponseCodec.java:200)
at org.openqa.selenium.remote.codec.w3c.W3CHttpResponseCodec.decode(W3CHttpResponseCodec.java:133)
at org.openqa.selenium.remote.codec.w3c.W3CHttpResponseCodec.decode(W3CHttpResponseCodec.java:53)
at org.openqa.selenium.remote.HttpCommandExecutor.execute(HttpCommandExecutor.java:184)
at org.openqa.selenium.remote.service.DriverCommandExecutor.invokeExecute(DriverCommandExecutor.java:164)
at org.openqa.selenium.remote.service.DriverCommandExecutor.execute(DriverCommandExecutor.java:139)
at org.openqa.selenium.remote.RemoteWebDriver.execute(RemoteWebDriver.java:559)
at org.openqa.selenium.remote.ElementLocation$ElementFinder$2.findElement(ElementLocation.java:162)
at org.openqa.selenium.remote.ElementLocation.findElement(ElementLocation.java:60)
at org.openqa.selenium.remote.RemoteWebDriver.findElement(RemoteWebDriver.java:383)
at org.openqa.selenium.remote.RemoteWebDriver.findElement(RemoteWebDriver.java:375)
at org.openqa.selenium.support.pagefactory.DefaultElementLocator.findElement(DefaultElementLocator.java:70)
at org.openqa.selenium.support.pagefactory.internal.LocatingElementHandler.invoke(LocatingElementHandler.java:39)
at com.sun.proxy.$Proxy13.getText(Unknown Source)
at com.hudl.login.LoginPage.getCoachHeaderText(LoginPage.java:72)
at com.hudl.login.LoginSteps.assertCoachHeaderText(LoginSteps.java:31)
at com.hudl.login.LoginTest.loginWithValidCredentials(LoginTest.java:29)
at sun.reflect.NativeMethodAccessorImpl.invoke0(Native Method)
at sun.reflect.NativeMethodAccessorImpl.invoke(NativeMethodAccessorImpl.java:62)
at sun.reflect.DelegatingMethodAccessorImpl.invoke(DelegatingMethodAccessorImpl.java:43)
at java.lang.reflect.Method.invoke(Method.java:498)
at org.testng.internal.MethodInvocationHelper.invokeMethod(MethodInvocationHelper.java:132)
at org.testng.internal.TestInvoker.invokeMethod(TestInvoker.java:599)
at org.testng.internal.TestInvoker.invokeTestMethod(TestInvoker.java:174)
at org.testng.internal.MethodRunner.runInSequence(MethodRunner.java:46)
at org.testng.internal.TestInvoker$MethodInvocationAgent.invoke(TestInvoker.java:822)
at org.testng.internal.TestInvoker.invokeTestMethods(TestInvoker.java:147)
at org.testng.internal.TestMethodWorker.invokeTestMethods(TestMethodWorker.java:146)
at org.testng.internal.TestMethodWorker.run(TestMethodWorker.java:128)
at java.util.ArrayList.forEach(ArrayList.java:1257)
at org.testng.TestRunner.privateRun(TestRunner.java:764)
at org.testng.TestRunner.run(TestRunner.java:585)
at org.testng.SuiteRunner.runTest(SuiteRunner.java:384)
at org.testng.SuiteRunner.runSequentially(SuiteRunner.java:378)
at org.testng.SuiteRunner.privateRun(SuiteRunner.java:337)
at org.testng.SuiteRunner.run(SuiteRunner.java:286)
at org.testng.SuiteRunnerWorker.runSuite(SuiteRunnerWorker.java:53)
at org.testng.SuiteRunnerWorker.run(SuiteRunnerWorker.java:96)
at org.testng.TestNG.runSuitesSequentially(TestNG.java:1218)
at org.testng.TestNG.runSuitesLocally(TestNG.java:1140)
at org.testng.TestNG.runSuites(TestNG.java:1069)
at org.testng.TestNG.run(TestNG.java:1037)
at org.apache.maven.surefire.testng.TestNGExecutor.run(TestNGExecutor.java:283)
at org.apache.maven.surefire.testng.TestNGXmlTestSuite.execute(TestNGXmlTestSuite.java:75)
at org.apache.maven.surefire.testng.TestNGProvider.invoke(TestNGProvider.java:120)
at org.apache.maven.surefire.booter.ForkedBooter.invokeProviderInSameClassLoader(ForkedBooter.java:384)
at org.apache.maven.surefire.booter.ForkedBooter.runSuitesInProcess(ForkedBooter.java:345)
at org.apache.maven.surefire.booter.ForkedBooter.execute(ForkedBooter.java:126)
at org.apache.maven.surefire.booter.ForkedBooter.main(ForkedBooter.java:418)
]]>
            </full-stacktrace>
          </exception> <!-- org.openqa.selenium.NoSuchElementException -->
          <reporter-output>
          </reporter-output>
        </test-method> <!-- loginWithValidCredentials -->
        <test-method status="PASS" signature="quitDrver()[pri:0, instance:com.hudl.login.LoginTest@20398b7c]" name="quitDrver" is-config="true" duration-ms="557" started-at="2021-12-04T13:50:34 GMT" finished-at="2021-12-04T13:50:34 GMT">
          <reporter-output>
            <line>
              <![CDATA[Driver closed]]>
            </line>
          </reporter-output>
        </test-method> <!-- quitDrver -->
      </class> <!-- com.hudl.login.LoginTest -->
    </test> <!-- Hudl login running on firefox browser -->
  </suite> <!-- Login Test suite -->
</testng-results>
